<?xml version="1.0" encoding="UTF-8"?>
<!-- Generated by org.testng.reporters.JUnitReportReporter -->
<testsuite hostname="sojood" failures="0" tests="1" name="appiumTesting" time="38.532" errors="0" timestamp="2024-02-16T18:28:15 EET" skipped="0">
  <testcase classname="appiumTesting" name="testcase" time="38.532"/>
  <system-out/>
</testsuite> <!-- appiumTesting -->
