<?xml version="1.0" encoding="UTF-8"?>
<!-- Generated by org.testng.reporters.JUnitReportReporter -->
<testsuite hostname="sojood" failures="0" tests="1" name="Appium.appiumTesting" time="45.426" errors="0" timestamp="2024-02-17T15:08:42 EET" skipped="0">
  <testcase classname="Appium.appiumTesting" name="addNumbers" time="45.426"/>
  <system-out/>
</testsuite> <!-- Appium.appiumTesting -->
